app/build/outputs/logs/manifest-merger-debug-report.txt
-- Merging decision tree log ---
manifest
ADDED from src/main/AndroidManifest.xml:2:1-25:12
	package
		ADDED from src/main/AndroidManifest.xml:3:5-38
		INJECTED from src/main/AndroidManifest.xml
		INJECTED from src/main/AndroidManifest.xml
	android:versionName
		INJECTED from src/main/AndroidManifest.xml
		INJECTED from src/main/AndroidManifest.xml
	xmlns:android
		ADDED from src/main/AndroidManifest.xml:2:11-69
	android:versionCode
		INJECTED from src/main/AndroidManifest.xml
		INJECTED from src/main/AndroidManifest.xml
uses-feature#android.hardware.camera
ADDED from src/main/AndroidManifest.xml:4:5-83
	android:required
		ADDED from src/main/AndroidManifest.xml:4:58-81
	android:name
		ADDED from src/main/AndroidManifest.xml:4:19-57
uses-feature#android.hardware.camera.autofocus
ADDED from src/main/AndroidManifest.xml:5:5-70
	android:name
		ADDED from src/main/AndroidManifest.xml:5:19-67
uses-permission#android.permission.WRITE_EXTERNAL_STORAGE
ADDED from src/main/AndroidManifest.xml:6:5-81
	android:name
		ADDED from src/main/AndroidManifest.xml:6:22-78
uses-permission#android.permission.CAMERA
ADDED from src/main/AndroidManifest.xml:7:5-65
	android:name
		ADDED from src/main/AndroidManifest.xml:7:22-62
uses-permission#android.permission.RECORD_AUDIO
ADDED from src/main/AndroidManifest.xml:8:5-71
	android:name
		ADDED from src/main/AndroidManifest.xml:8:22-68
application
ADDED from src/main/AndroidManifest.xml:9:5-24:19
MERGED from [com.android.support:appcompat-v7:25.1.1] AndroidManifest.xml:25:5-20
MERGED from [com.android.support:support-v4:25.1.1] AndroidManifest.xml:25:5-20
MERGED from [com.android.support:support-fragment:25.1.1] AndroidManifest.xml:25:5-20
MERGED from [com.android.support:support-media-compat:25.1.1] AndroidManifest.xml:25:5-20
MERGED from [com.android.support:support-core-ui:25.1.1] AndroidManifest.xml:25:5-20
MERGED from [com.android.support:support-core-utils:25.1.1] AndroidManifest.xml:25:5-20
MERGED from [com.android.support:animated-vector-drawable:25.1.1] AndroidManifest.xml:22:5-20
MERGED from [com.android.support:support-vector-drawable:25.1.1] AndroidManifest.xml:23:5-20
MERGED from [com.android.support:support-compat:25.1.1] AndroidManifest.xml:25:5-20
	android:label
		ADDED from src/main/AndroidManifest.xml:12:9-41
	android:supportsRtl
		ADDED from src/main/AndroidManifest.xml:13:9-35
	android:allowBackup
		ADDED from src/main/AndroidManifest.xml:10:9-36
	android:icon
		ADDED from src/main/AndroidManifest.xml:11:9-43
	android:theme
		ADDED from src/main/AndroidManifest.xml:14:9-40
activity#com.made.madevideomaker.MainActivity
ADDED from src/main/AndroidManifest.xml:15:9-20:20
	android:name
		ADDED from src/main/AndroidManifest.xml:15:19-47
intent-filter#android.intent.action.MAIN+android.intent.category.LAUNCHER
ADDED from src/main/AndroidManifest.xml:16:13-19:29
action#android.intent.action.MAIN
ADDED from src/main/AndroidManifest.xml:17:17-69
	android:name
		ADDED from src/main/AndroidManifest.xml:17:25-66
category#android.intent.category.LAUNCHER
ADDED from src/main/AndroidManifest.xml:18:17-77
	android:name
		ADDED from src/main/AndroidManifest.xml:18:27-74
activity#com.made.madevideomaker.VideoActivity
ADDED from src/main/AndroidManifest.xml:21:9-51
	android:name
		ADDED from src/main/AndroidManifest.xml:21:19-48
activity#com.made.madevideomaker.ReviewActivity
ADDED from src/main/AndroidManifest.xml:22:9-52
	android:name
		ADDED from src/main/AndroidManifest.xml:22:19-49
activity#com.made.madevideomaker.EndActivity
ADDED from src/main/AndroidManifest.xml:23:9-49
	android:name
		ADDED from src/main/AndroidManifest.xml:23:19-46
uses-sdk
INJECTED from src/main/AndroidManifest.xml reason: use-sdk injection requested
MERGED from [com.android.support:appcompat-v7:25.1.1] AndroidManifest.xml:21:5-23:78
MERGED from [com.android.support:support-v4:25.1.1] AndroidManifest.xml:21:5-23:54
MERGED from [com.android.support:support-fragment:25.1.1] AndroidManifest.xml:21:5-23:60
MERGED from [com.android.support:support-media-compat:25.1.1] AndroidManifest.xml:21:5-23:63
MERGED from [com.android.support:support-core-ui:25.1.1] AndroidManifest.xml:21:5-23:58
MERGED from [com.android.support:support-core-utils:25.1.1] AndroidManifest.xml:21:5-23:61
MERGED from [com.android.support:animated-vector-drawable:25.1.1] AndroidManifest.xml:20:5-44
MERGED from [com.android.support:support-vector-drawable:25.1.1] AndroidManifest.xml:21:5-43
MERGED from [com.android.support:support-compat:25.1.1] AndroidManifest.xml:21:5-23:58
	tools:overrideLibrary
		ADDED from [com.android.support:appcompat-v7:25.1.1] AndroidManifest.xml:23:9-75
	android:targetSdkVersion
		INJECTED from src/main/AndroidManifest.xml
		INJECTED from src/main/AndroidManifest.xml
	android:minSdkVersion
		INJECTED from src/main/AndroidManifest.xml
		INJECTED from src/main/AndroidManifest.xml